<?xml version="1.0" encoding="UTF-8"?>
<!-- Generated by org.testng.reporters.JUnitReportReporter -->
<testsuite hostname="Rutiks-Air.lan" failures="0" tests="2" name="com.testcases.Registartion" time="0.016" errors="0" timestamp="2025-05-15T23:05:04 IST" skipped="0">
  <testcase classname="com.testcases.Registartion" name="signup_with_mobileno" time="0.005"/>
  <testcase classname="com.testcases.Registartion" name="signup_with_email" time="0.011"/>
</testsuite> <!-- com.testcases.Registartion -->
