<?xml version="1.0" encoding="UTF-8"?>
<!-- Generated by org.testng.reporters.JUnitReportReporter -->
<testsuite hostname="Rutiks-Air.lan" failures="0" tests="4" name="com.testcases.Login" time="0.029" errors="0" timestamp="2025-05-15T23:05:04 IST" skipped="0">
  <testcase classname="com.testcases.Login" name="login_with_invalid_username" time="0.002"/>
  <testcase classname="com.testcases.Login" name="login_with_valid_username" time="0.002"/>
  <testcase classname="com.testcases.Login" name="login_with_mobileno" time="0.005"/>
  <testcase classname="com.testcases.Login" name="login_with_invalid_password" time="0.020"/>
</testsuite> <!-- com.testcases.Login -->
