<?xml version="1.0" encoding="UTF-8"?>
<!-- Generated by org.testng.reporters.JUnitReportReporter -->
<testsuite hostname="Rutiks-MacBook-Air.local" failures="0" tests="1" name="com.kiranacdemy.practicepage.testcases.TC_01_LoginCheck" time="25.278" errors="0" timestamp="2025-04-22T12:03:27 IST" skipped="0">
  <testcase classname="com.kiranacdemy.practicepage.testcases.TC_01_LoginCheck" name="TC_01_loginCheck" time="25.278"/>
</testsuite> <!-- com.kiranacdemy.practicepage.testcases.TC_01_LoginCheck -->
