<?xml version="1.0" encoding="UTF-8"?>
<!-- Generated by org.testng.reporters.JUnitReportReporter -->
<testsuite hostname="Rutiks-Air.lan" failures="0" tests="1" name="com.kiranacdemy.sauce.testcases.TC_02_InvalidUserNameCheck" time="13.071" errors="0" timestamp="2025-04-18T00:19:01 IST" skipped="0">
  <testcase classname="com.kiranacdemy.sauce.testcases.TC_02_InvalidUserNameCheck" name="TC_02_invalidUserNameCheck" time="13.071"/>
</testsuite> <!-- com.kiranacdemy.sauce.testcases.TC_02_InvalidUserNameCheck -->
