<?xml version="1.0" encoding="UTF-8"?>
<!-- Generated by org.testng.reporters.JUnitReportReporter -->
<testsuite hostname="Rutiks-MacBook-Air.local" failures="0" tests="1" name="com.kiranacdemy.practicepage.testcases.TC_02_InvalidUserNameCheck" time="29.813" errors="0" timestamp="2025-04-22T12:03:27 IST" skipped="0">
  <testcase classname="com.kiranacdemy.practicepage.testcases.TC_02_InvalidUserNameCheck" name="TC_02_invalidUserNameCheck" time="29.813"/>
</testsuite> <!-- com.kiranacdemy.practicepage.testcases.TC_02_InvalidUserNameCheck -->
