<?xml version="1.0" encoding="UTF-8"?>
<!-- Generated by org.testng.reporters.JUnitReportReporter -->
<testsuite hostname="Rutiks-Air.lan" failures="0" tests="1" name="com.kiranacdemy.sauce.testcases.TC_01_LoginWithValidPassword" time="15.732" errors="0" timestamp="2025-04-17T23:31:28 IST" skipped="0">
  <testcase classname="com.kiranacdemy.sauce.testcases.TC_01_LoginWithValidPassword" name="TC_01_loginCheck" time="15.732"/>
</testsuite> <!-- com.kiranacdemy.sauce.testcases.TC_01_LoginWithValidPassword -->
